0 info it worked if it ends with ok
1 verbose cli [ '/usr/bin/nodejs', '/usr/bin/npm', 'install', '-g', 'hexo-cli' ]
2 info using npm@1.3.10
3 info using node@v0.10.25
4 verbose cache add [ 'hexo-cli', null ]
5 verbose cache add name=undefined spec="hexo-cli" args=["hexo-cli",null]
6 verbose parsed url { protocol: null,
6 verbose parsed url   slashes: null,
6 verbose parsed url   auth: null,
6 verbose parsed url   host: null,
6 verbose parsed url   port: null,
6 verbose parsed url   hostname: null,
6 verbose parsed url   hash: null,
6 verbose parsed url   search: null,
6 verbose parsed url   query: null,
6 verbose parsed url   pathname: 'hexo-cli',
6 verbose parsed url   path: 'hexo-cli',
6 verbose parsed url   href: 'hexo-cli' }
7 silly lockFile 48f79efe-hexo-cli hexo-cli
8 verbose lock hexo-cli /home/zhaohan/.npm/48f79efe-hexo-cli.lock
9 silly lockFile 48f79efe-hexo-cli hexo-cli
10 silly lockFile 48f79efe-hexo-cli hexo-cli
11 verbose addNamed [ 'hexo-cli', '' ]
12 verbose addNamed [ null, '*' ]
13 silly lockFile f0acc666-hexo-cli hexo-cli@
14 verbose lock hexo-cli@ /home/zhaohan/.npm/f0acc666-hexo-cli.lock
15 silly addNameRange { name: 'hexo-cli', range: '*', hasData: false }
16 verbose url raw hexo-cli
17 verbose url resolving [ 'https://registry.npmjs.org/', './hexo-cli' ]
18 verbose url resolved https://registry.npmjs.org/hexo-cli
19 info trying registry request attempt 1 at 13:32:39
20 verbose etag "1M0KPZKHMNL70ARIG9VM2F7WJ"
21 http GET https://registry.npmjs.org/hexo-cli
22 http 304 https://registry.npmjs.org/hexo-cli
23 silly registry.get cb [ 304,
23 silly registry.get   { date: 'Wed, 25 Nov 2015 12:32:39 GMT',
23 silly registry.get     via: '1.1 varnish',
23 silly registry.get     'cache-control': 'max-age=60',
23 silly registry.get     etag: '"1M0KPZKHMNL70ARIG9VM2F7WJ"',
23 silly registry.get     age: '0',
23 silly registry.get     connection: 'keep-alive',
23 silly registry.get     'x-served-by': 'cache-fra1237-FRA',
23 silly registry.get     'x-cache': 'MISS',
23 silly registry.get     'x-cache-hits': '0',
23 silly registry.get     'x-timer': 'S1448454759.860708,VS0,VE173',
23 silly registry.get     vary: 'Accept' } ]
24 verbose etag hexo-cli from cache
25 silly addNameRange number 2 { name: 'hexo-cli', range: '*', hasData: true }
26 silly addNameRange versions [ 'hexo-cli',
26 silly addNameRange   [ '0.0.1',
26 silly addNameRange     '0.1.0',
26 silly addNameRange     '0.1.1',
26 silly addNameRange     '0.1.2',
26 silly addNameRange     '0.1.3',
26 silly addNameRange     '0.1.4',
26 silly addNameRange     '0.1.5',
26 silly addNameRange     '0.1.6',
26 silly addNameRange     '0.1.7',
26 silly addNameRange     '0.1.8',
26 silly addNameRange     '0.1.9' ] ]
27 verbose addNamed [ 'hexo-cli', '0.1.9' ]
28 verbose addNamed [ '0.1.9', '0.1.9' ]
29 silly lockFile a95f6ebf-hexo-cli-0-1-9 hexo-cli@0.1.9
30 verbose lock hexo-cli@0.1.9 /home/zhaohan/.npm/a95f6ebf-hexo-cli-0-1-9.lock
31 silly lockFile a95f6ebf-hexo-cli-0-1-9 hexo-cli@0.1.9
32 silly lockFile a95f6ebf-hexo-cli-0-1-9 hexo-cli@0.1.9
33 silly lockFile f0acc666-hexo-cli hexo-cli@
34 silly lockFile f0acc666-hexo-cli hexo-cli@
35 silly resolved [ { name: 'hexo-cli',
35 silly resolved     version: '0.1.9',
35 silly resolved     description: 'Command line interface for Hexo',
35 silly resolved     main: 'lib/index',
35 silly resolved     bin: { hexo: './bin/hexo' },
35 silly resolved     scripts:
35 silly resolved      { eslint: 'eslint .',
35 silly resolved        jscs: 'jscs .',
35 silly resolved        test: 'mocha test/index.js',
35 silly resolved        'test-cov': 'istanbul cover --print both _mocha -- test/index.js' },
35 silly resolved     directories: { lib: './lib', bin: './bin' },
35 silly resolved     engines: { node: '>= 0.10.0' },
35 silly resolved     repository: { type: 'git', url: 'git://github.com/hexojs/hexo-cli' },
35 silly resolved     homepage: 'http://hexo.io/',
35 silly resolved     keywords: [ 'website', 'blog', 'cms', 'framework', 'hexo', 'cli' ],
35 silly resolved     author:
35 silly resolved      { name: 'Tommy Chen',
35 silly resolved        email: 'tommy351@gmail.com',
35 silly resolved        url: 'http://zespia.tw' },
35 silly resolved     license: 'MIT',
35 silly resolved     dependencies:
35 silly resolved      { abbrev: '^1.0.7',
35 silly resolved        bluebird: '^3.0.5',
35 silly resolved        chalk: '^1.1.1',
35 silly resolved        'hexo-fs': '^0.1.4',
35 silly resolved        minimist: '^1.2.0',
35 silly resolved        tildify: '^1.1.2' },
35 silly resolved     devDependencies:
35 silly resolved      { chai: '^3.4.0',
35 silly resolved        eslint: '^1.8.0',
35 silly resolved        'hexo-renderer-marked': '^0.2.5',
35 silly resolved        istanbul: '^0.4.0',
35 silly resolved        jscs: '^2.5.0',
35 silly resolved        mocha: '^2.3.3',
35 silly resolved        sinon: '^1.17.2' },
35 silly resolved     readme: '# hexo-cli\n\n[![Build Status](https://travis-ci.org/hexojs/hexo-cli.svg?branch=master)](https://travis-ci.org/hexojs/hexo-cli)  [![NPM version](https://badge.fury.io/js/hexo-cli.svg)](http://badge.fury.io/js/hexo-cli) [![Coverage Status](https://coveralls.io/repos/hexojs/hexo-cli/badge.svg?branch=master)](https://coveralls.io/r/hexojs/hexo-cli?branch=master) [![Build status](https://ci.appveyor.com/api/projects/status/aa44wp75752x1t47/branch/master?svg=true)](https://ci.appveyor.com/project/tommy351/hexo-cli/branch/master)\n\nCommand line interface for Hexo.\n\n## Installation\n\n``` bash\n$ npm install hexo-cli -g\n```\n\n## License\n\nMIT',
35 silly resolved     readmeFilename: 'README.md',
35 silly resolved     bugs: { url: 'https://github.com/hexojs/hexo-cli/issues' },
35 silly resolved     _id: 'hexo-cli@0.1.9',
35 silly resolved     _from: 'hexo-cli@' } ]
36 info install hexo-cli@0.1.9 into /usr/local/lib
37 info installOne hexo-cli@0.1.9
38 info /usr/local/lib/node_modules/hexo-cli unbuild
39 info preuninstall hexo-cli@0.1.9
40 info uninstall hexo-cli@0.1.9
41 verbose true,/usr/local/lib/node_modules,/usr/local/lib/node_modules unbuild hexo-cli@0.1.9
42 verbose /usr/local/bin,[object Object] binRoot
43 info /usr/local/lib/node_modules/hexo-cli unbuild
44 info preuninstall hexo-cli@0.1.9
45 info uninstall hexo-cli@0.1.9
46 verbose true,/usr/local/lib/node_modules,/usr/local/lib/node_modules unbuild hexo-cli@0.1.9
47 verbose /usr/local/bin,[object Object] binRoot
48 error error rolling back Error: EACCES, unlink '/usr/local/bin/hexo'
48 error error rolling back  hexo-cli@0.1.9 { [Error: EACCES, unlink '/usr/local/bin/hexo'] errno: 3, code: 'EACCES', path: '/usr/local/bin/hexo' }
49 error Error: EACCES, unlink '/usr/local/bin/hexo'
49 error  { [Error: EACCES, unlink '/usr/local/bin/hexo'] errno: 3, code: 'EACCES', path: '/usr/local/bin/hexo' }
50 error Please try running this command again as root/Administrator.
51 error System Linux 3.19.0-33-generic
52 error command "/usr/bin/nodejs" "/usr/bin/npm" "install" "-g" "hexo-cli"
53 error cwd /home/zhaohan/study/hexo/blog/source
54 error node -v v0.10.25
55 error npm -v 1.3.10
56 error path /usr/local/bin/hexo
57 error code EACCES
58 error errno 3
59 error stack Error: EACCES, unlink '/usr/local/bin/hexo'
60 verbose exit [ 3, true ]
